#
# There is insufficient memory for the Java Runtime Environment to continue.
# Native memory allocation (malloc) failed to allocate 1048576 bytes for AllocateHeap
# Possible reasons:
#   The system is out of physical RAM or swap space
#   In 32 bit mode, the process size limit was hit
# Possible solutions:
#   Reduce memory load on the system
#   Increase physical memory or swap space
#   Check if swap backing store is full
#   Use 64 bit Java on a 64 bit OS
#   Decrease Java heap size (-Xmx/-Xms)
#   Decrease number of Java threads
#   Decrease Java thread stack sizes (-Xss)
#   Set larger code cache with -XX:ReservedCodeCacheSize=
# This output file may be truncated or incomplete.
#
#  Out of Memory Error (memory/allocation.inline.hpp:61), pid=14840, tid=17988
#
# JRE version:  (8.0_45-b15) (build )
# Java VM: Java HotSpot(TM) 64-Bit Server VM (25.45-b02 mixed mode windows-amd64 compressed oops)
# Failed to write core dump. Minidumps are not enabled by default on client versions of Windows
#

---------------  T H R E A D  ---------------

Current thread (0x0000000002450800):  JavaThread "Unknown thread" [_thread_in_vm, id=17988, stack(0x0000000001fc0000,0x00000000020c0000)]

Stack: [0x0000000001fc0000,0x00000000020c0000]
Native frames: (J=compiled Java code, j=interpreted, Vv=VM code, C=native code)
V  [jvm.dll+0x32b57a]
V  [jvm.dll+0x279873]
V  [jvm.dll+0x27a509]
V  [jvm.dll+0x271825]
V  [jvm.dll+0x1606]
V  [jvm.dll+0x270892]
V  [jvm.dll+0x3eee4a]
V  [jvm.dll+0x3ea7a7]
V  [jvm.dll+0xf2cf2]
V  [jvm.dll+0x20f0c9]
V  [jvm.dll+0x240e0a]
V  [jvm.dll+0x15ba41]
C  [javaw.exe+0x217e]
C  [javaw.exe+0xcd17]
C  [javaw.exe+0xcdab]
C  [KERNEL32.DLL+0x18102]
C  [ntdll.dll+0x5c2e4]


---------------  P R O C E S S  ---------------

Java Threads: ( => current thread )

Other Threads:

=>0x0000000002450800 (exited) JavaThread "Unknown thread" [_thread_in_vm, id=17988, stack(0x0000000001fc0000,0x00000000020c0000)]

VM state:not at safepoint (normal execution)

VM Mutex/Monitor currently owned by a thread: None

Heap:
 PSYoungGen      total 37888K, used 655K [0x00000000d6200000, 0x00000000d8c00000, 0x0000000100000000)
  eden space 32768K, 2% used [0x00000000d6200000,0x00000000d62a3d80,0x00000000d8200000)
  from space 5120K, 0% used [0x00000000d8700000,0x00000000d8700000,0x00000000d8c00000)
  to   space 5120K, 0% used [0x00000000d8200000,0x00000000d8200000,0x00000000d8700000)
 ParOldGen       total 86016K, used 0K [0x0000000082600000, 0x0000000087a00000, 0x00000000d6200000)
  object space 86016K, 0% used [0x0000000082600000,0x0000000082600000,0x0000000087a00000)
 Metaspace       used 742K, capacity 4480K, committed 4480K, reserved 1056768K
  class space    used 75K, capacity 384K, committed 384K, reserved 1048576K

Card table byte_map: [0x0000000011910000,0x0000000011d00000] byte_map_base: 0x00000000114fd000

Marking Bits: (ParMarkBitMap*) 0x000000006b1b4040
 Begin Bits: [0x00000000123a0000, 0x0000000014308000)
 End Bits:   [0x0000000014308000, 0x0000000016270000)

Polling page: 0x0000000000510000

CodeCache: size=245760Kb used=328Kb max_used=328Kb free=245431Kb
 bounds [0x0000000002550000, 0x00000000027c0000, 0x0000000011550000]
 total_blobs=57 nmethods=0 adapters=37
 compilation: enabled

Compilation events (0 events):
No events

GC Heap History (0 events):
No events

Deoptimization events (0 events):
No events

Internal exceptions (0 events):
No events

Events (10 events):
Event: 0.049 loading class java/lang/Short
Event: 0.049 loading class java/lang/Short done
Event: 0.050 loading class java/lang/Integer
Event: 0.050 loading class java/lang/Integer done
Event: 0.050 loading class java/lang/Long
Event: 0.050 loading class java/lang/Long done
Event: 0.051 loading class java/lang/NullPointerException
Event: 0.051 loading class java/lang/NullPointerException done
Event: 0.051 loading class java/lang/ArithmeticException
Event: 0.051 loading class java/lang/ArithmeticException done


Dynamic libraries:
0x00007ff726690000 - 0x00007ff7266c7000 	C:\Program Files\Java\jre1.8.0_45\bin\javaw.exe
0x00007ffa0d3c0000 - 0x00007ffa0d581000 	C:\WINDOWS\SYSTEM32\ntdll.dll
0x00007ffa0b5a0000 - 0x00007ffa0b64d000 	C:\WINDOWS\system32\KERNEL32.DLL
0x00007ffa09b00000 - 0x00007ffa09ce8000 	C:\WINDOWS\system32\KERNELBASE.dll
0x00007ffa0aca0000 - 0x00007ffa0ad47000 	C:\WINDOWS\system32\ADVAPI32.dll
0x00007ffa0ac00000 - 0x00007ffa0ac9d000 	C:\WINDOWS\system32\msvcrt.dll
0x00007ffa0a9d0000 - 0x00007ffa0aa2b000 	C:\WINDOWS\system32\sechost.dll
0x00007ffa0ad50000 - 0x00007ffa0ae6c000 	C:\WINDOWS\system32\RPCRT4.dll
0x00007ffa0b8d0000 - 0x00007ffa0ba26000 	C:\WINDOWS\system32\USER32.dll
0x00007ffa0aa70000 - 0x00007ffa0abf6000 	C:\WINDOWS\system32\GDI32.dll
0x00007ffa03040000 - 0x00007ffa032b4000 	C:\WINDOWS\WinSxS\amd64_microsoft.windows.common-controls_6595b64144ccf1df_6.0.10586.0_none_8c15ae12515e1c22\COMCTL32.dll
0x00007ffa0b650000 - 0x00007ffa0b8cd000 	C:\WINDOWS\system32\combase.dll
0x00007ffa09dd0000 - 0x00007ffa09e3a000 	C:\WINDOWS\system32\bcryptPrimitives.dll
0x00007ffa0aa30000 - 0x00007ffa0aa6b000 	C:\WINDOWS\system32\IMM32.DLL
0x000000006b660000 - 0x000000006b732000 	C:\Program Files\Java\jre1.8.0_45\bin\msvcr100.dll
0x000000006a9b0000 - 0x000000006b233000 	C:\Program Files\Java\jre1.8.0_45\bin\server\jvm.dll
0x00007ffa0b320000 - 0x00007ffa0b328000 	C:\WINDOWS\system32\PSAPI.DLL
0x00007ffa07790000 - 0x00007ffa07799000 	C:\WINDOWS\SYSTEM32\WSOCK32.dll
0x00007ffa07db0000 - 0x00007ffa07dd3000 	C:\WINDOWS\SYSTEM32\WINMM.dll
0x00007ffa0b2a0000 - 0x00007ffa0b30b000 	C:\WINDOWS\system32\WS2_32.dll
0x00007ffa08710000 - 0x00007ffa0871a000 	C:\WINDOWS\SYSTEM32\VERSION.dll
0x00007ffa07d30000 - 0x00007ffa07d5c000 	C:\WINDOWS\SYSTEM32\WINMMBASE.dll
0x00007ffa0a770000 - 0x00007ffa0a7b3000 	C:\WINDOWS\system32\cfgmgr32.dll
0x000000006b820000 - 0x000000006b82f000 	C:\Program Files\Java\jre1.8.0_45\bin\verify.dll
0x000000006b7f0000 - 0x000000006b819000 	C:\Program Files\Java\jre1.8.0_45\bin\java.dll
0x000000006b7d0000 - 0x000000006b7e6000 	C:\Program Files\Java\jre1.8.0_45\bin\zip.dll
0x00007ff9d3d20000 - 0x00007ff9d3eac000 	C:\WINDOWS\SYSTEM32\dbghelp.dll

VM Arguments:
jvm_args: -Dfile.encoding=GBK 
java_command: com.MusicPlayer.main.Main
java_class_path (initial): C:\Users\Jack\OneDrive\Github\MusicPlayer\bin
Launcher Type: SUN_STANDARD

Environment Variables:
CLASSPATH=. ;%JAVA_HOME%\lib\dt.jar;%JAVA_HOME%\lib\tools.jar;
PATH=C:/Program Files/Java/jre1.8.0_45/bin/server;C:/Program Files/Java/jre1.8.0_45/bin;C:/Program Files/Java/jre1.8.0_45/lib/amd64;D:\Anaconda;C:\ProgramData\Oracle\Java\javapath;C:\Python27\;C:\Python27\Scripts;C:\WINDOWS\system32;C:\WINDOWS;C:\WINDOWS\System32\Wbem;C:\WINDOWS\System32\WindowsPowerShell\v1.0\;D:\MinGW;C:\Program Files\Microsoft SQL Server\110\DTS\Binn\;C:\Program Files (x86)\Microsoft SQL Server\110\Tools\Binn\ManagementStudio\;C:\Program Files (x86)\Microsoft SQL Server\110\Tools\Binn\;C:\Program Files\Microsoft SQL Server\110\Tools\Binn\;C:\Program Files (x86)\Microsoft Visual Studio 10.0\Common7\IDE\PrivateAssemblies\;C:\Program Files (x86)\Microsoft SQL Server\110\DTS\Binn\;C:\Program Files\Lenovo\Bluetooth Software\;C:\Program Files\Lenovo\Bluetooth Software\syswow64;C:\Program Files (x86)\Windows Kits\8.1\Windows Performance Toolkit\;C:\Program Files (x86)\Microsoft SDKs\TypeScript\1.0\;D:\MinGW1\bin;C:\Pyhton27;%JAVA_HOME%\bin;D:\ultraedit;D:\matlab\runtime\win64;D:\matlab\bin ;D:\opencv\build\x86\vc12\bin;D:\opencv\build\x64\vc12\bin ;D:\Anaconda;D:\Anaconda\Scripts;C:\Program Files (x86)\IDM Computer Solutions\UltraCompare\;%JAVA_HOME%\bin;;D:\java-mars\eclipse;
USERNAME=Jack
OS=Windows_NT
PROCESSOR_IDENTIFIER=Intel64 Family 6 Model 58 Stepping 9, GenuineIntel



---------------  S Y S T E M  ---------------

OS: Windows 10.0 , 64 bit Build 10586 (10.0.10586.0)

CPU:total 4 (2 cores per cpu, 2 threads per core) family 6 model 58 stepping 9, cmov, cx8, fxsr, mmx, sse, sse2, sse3, ssse3, sse4.1, sse4.2, popcnt, avx, aes, clmul, erms, ht, tsc, tscinvbit, tscinv

Memory: 4k page, physical 8229092k(2805900k free), swap 20025568k(3388k free)

vm_info: Java HotSpot(TM) 64-Bit Server VM (25.45-b02) for windows-amd64 JRE (1.8.0_45-b15), built on Apr 30 2015 12:40:44 by "java_re" with MS VC++ 10.0 (VS2010)

time: Fri Dec 25 22:23:04 2015
elapsed time: 0 seconds (0d 0h 0m 0s)

